2022-07-25 15:39:05	[34mI[0m	sandbox/main.go:17	啦啦啦
2022-07-25 16:51:20	[34mI[0m	sandbox/main.go:18	啦啦啦
2022-07-25 16:51:20	[34mI[0m	sandbox/main.go:18	啦啦啦
2022-07-25 16:51:21	[34mI[0m	sandbox/main.go:18	啦啦啦
2022-07-25 16:51:55	[34mI[0m	sandbox/main.go:18	啦啦啦
2022-07-25 16:51:56	[34mI[0m	sandbox/main.go:18	啦啦啦
2022-07-25 16:51:56	[34mI[0m	sandbox/main.go:18	啦啦啦
2022-07-25 16:51:57	[34mI[0m	sandbox/main.go:18	啦啦啦
2022-07-25 16:51:57	[34mI[0m	sandbox/main.go:18	啦啦啦
2022-07-25 16:51:58	[34mI[0m	sandbox/main.go:18	啦啦啦
2022-07-25 16:51:58	[34mI[0m	sandbox/main.go:18	啦啦啦
2022-07-25 16:51:59	[34mI[0m	sandbox/main.go:18	啦啦啦
2022-07-25 16:51:59	[34mI[0m	sandbox/main.go:18	啦啦啦
2022-07-25 16:52:00	[34mI[0m	sandbox/main.go:18	啦啦啦
2022-07-25 16:52:00	[34mI[0m	sandbox/main.go:18	啦啦啦
2022-07-25 16:52:01	[34mI[0m	sandbox/main.go:18	啦啦啦
2022-07-25 16:52:01	[34mI[0m	sandbox/main.go:18	啦啦啦
2022-07-25 16:52:02	[34mI[0m	sandbox/main.go:18	啦啦啦
2022-07-25 16:52:02	[34mI[0m	sandbox/main.go:18	啦啦啦
2022-07-25 16:52:03	[34mI[0m	sandbox/main.go:18	啦啦啦
2022-07-26 09:41:35	[34m[I][0m	sandbox/main.go:19	啦啦啦
2022-07-26 09:41:35	[34m[I][0m	sandbox/main.go:19	啦啦啦
2022-07-26 09:41:36	[34m[I][0m	sandbox/main.go:19	啦啦啦
2022-07-26 09:41:36	[34m[I][0m	sandbox/main.go:19	啦啦啦
2022-07-26 09:41:37	[34m[I][0m	sandbox/main.go:19	啦啦啦
2022-07-26 09:41:37	[34m[I][0m	sandbox/main.go:19	啦啦啦
2022-07-26 09:41:38	[34m[I][0m	sandbox/main.go:19	啦啦啦
2022-07-26 09:41:38	[34m[I][0m	sandbox/main.go:19	啦啦啦
2022-07-26 09:41:39	[34m[I][0m	sandbox/main.go:19	啦啦啦
2022-07-26 09:41:39	[34m[I][0m	sandbox/main.go:19	啦啦啦
2022-07-26 09:41:40	[34m[I][0m	sandbox/main.go:19	啦啦啦
2022-07-26 09:41:40	[34m[I][0m	sandbox/main.go:19	啦啦啦
2022-07-26 09:44:57 [34m[I][0m sandbox/main.go:19 啦啦啦
2022-07-26 09:44:57 [34m[I][0m sandbox/main.go:19 啦啦啦
2022-07-26 09:44:58 [34m[I][0m sandbox/main.go:19 啦啦啦
2022-07-26 09:44:58 [34m[I][0m sandbox/main.go:19 啦啦啦
2022-07-26 09:44:59 [34m[I][0m sandbox/main.go:19 啦啦啦
2022-07-26 09:44:59 [34m[I][0m sandbox/main.go:19 啦啦啦
2022-07-26 09:45:00 [34m[I][0m sandbox/main.go:19 啦啦啦
2022-07-26 09:45:00 [34m[I][0m sandbox/main.go:19 啦啦啦
2022-07-26 09:45:01 [34m[I][0m sandbox/main.go:19 啦啦啦
2022-07-26 09:45:01 [34m[I][0m sandbox/main.go:19 啦啦啦
2022-07-26 09:45:02 [34m[I][0m sandbox/main.go:19 啦啦啦
2022-07-26 09:45:02 [34m[I][0m sandbox/main.go:19 啦啦啦
2022-07-26 09:45:03 [34m[I][0m sandbox/main.go:19 啦啦啦
2022-07-26 09:45:03 [34m[I][0m sandbox/main.go:19 啦啦啦
2022-07-26 09:45:04 [34m[I][0m sandbox/main.go:19 啦啦啦
2022-07-26 09:45:04 [34m[I][0m sandbox/main.go:19 啦啦啦
2022-07-26 09:45:05 [34m[I][0m sandbox/main.go:19 啦啦啦
2022-07-26 09:45:05 [34m[I][0m sandbox/main.go:19 啦啦啦
2022-07-26 09:45:06 [34m[I][0m sandbox/main.go:19 啦啦啦
2022-07-26 09:45:06 [34m[I][0m sandbox/main.go:19 啦啦啦
2022-07-26 09:45:07 [34m[I][0m sandbox/main.go:19 啦啦啦
2022-07-26 09:45:07 [34m[I][0m sandbox/main.go:19 啦啦啦
2022-07-26 09:45:08 [34m[I][0m sandbox/main.go:19 啦啦啦
[2022-07-26 09:45:15] [34m[I][0m sandbox/main.go:19 啦啦啦
[2022-07-26 09:45:16] [34m[I][0m sandbox/main.go:19 啦啦啦
[2022-07-26 09:45:16] [34m[I][0m sandbox/main.go:19 啦啦啦
[2022-07-26 09:45:17] [34m[I][0m sandbox/main.go:19 啦啦啦
[2022-07-26 09:45:17] [34m[I][0m sandbox/main.go:19 啦啦啦
[2022-07-26 09:45:18] [34m[I][0m sandbox/main.go:19 啦啦啦
[2022-07-26 09:45:18] [34m[I][0m sandbox/main.go:19 啦啦啦
[2022-07-26 09:45:19] [34m[I][0m sandbox/main.go:19 啦啦啦
[2022-07-26 09:45:19] [34m[I][0m sandbox/main.go:19 啦啦啦
[2022-07-26 09:51:12] [34m[I][0m /Users/soar/Code/github/2015wuji01/sandbox/main.go:20:20 啦啦啦
[2022-07-26 09:51:13] [34m[I][0m /Users/soar/Code/github/2015wuji01/sandbox/main.go:20:20 啦啦啦
[2022-07-26 09:51:13] [34m[I][0m /Users/soar/Code/github/2015wuji01/sandbox/main.go:20:20 啦啦啦
[2022-07-26 09:51:14] [34m[I][0m /Users/soar/Code/github/2015wuji01/sandbox/main.go:20:20 啦啦啦
[2022-07-26 09:51:35] [34m[I][0m /Users/soar/Code/github/2015wuji01/sandbox/main.go:19
 啦啦啦
[2022-07-26 09:51:35] [34m[I][0m /Users/soar/Code/github/2015wuji01/sandbox/main.go:19
 啦啦啦
[2022-07-26 09:51:36] [34m[I][0m /Users/soar/Code/github/2015wuji01/sandbox/main.go:19
 啦啦啦
[2022-07-26 09:51:36] [34m[I][0m /Users/soar/Code/github/2015wuji01/sandbox/main.go:19
 啦啦啦
[2022-07-26 09:51:37] [34m[I][0m /Users/soar/Code/github/2015wuji01/sandbox/main.go:19
 啦啦啦
[2022-07-26 09:51:37] [34m[I][0m /Users/soar/Code/github/2015wuji01/sandbox/main.go:19
 啦啦啦
[2022-07-26 09:51:38] [34m[I][0m /Users/soar/Code/github/2015wuji01/sandbox/main.go:19
 啦啦啦
[2022-07-26 09:51:38] [34m[I][0m /Users/soar/Code/github/2015wuji01/sandbox/main.go:19
 啦啦啦
[2022-07-26 09:51:39] [34m[I][0m /Users/soar/Code/github/2015wuji01/sandbox/main.go:19
 啦啦啦
[2022-07-26 09:51:39] [34m[I][0m /Users/soar/Code/github/2015wuji01/sandbox/main.go:19
 啦啦啦
[2022-07-26 09:51:40] [34m[I][0m /Users/soar/Code/github/2015wuji01/sandbox/main.go:19
 啦啦啦
[2022-07-26 09:51:40] [34m[I][0m /Users/soar/Code/github/2015wuji01/sandbox/main.go:19
 啦啦啦
[2022-07-26 09:51:41] [34m[I][0m /Users/soar/Code/github/2015wuji01/sandbox/main.go:19
 啦啦啦
[2022-07-26 09:51:41] [34m[I][0m /Users/soar/Code/github/2015wuji01/sandbox/main.go:19
 啦啦啦
[2022-07-26 09:51:42] [34m[I][0m /Users/soar/Code/github/2015wuji01/sandbox/main.go:19
 啦啦啦
[2022-07-26 09:51:42] [34m[I][0m /Users/soar/Code/github/2015wuji01/sandbox/main.go:19
 啦啦啦
[2022-07-26 09:51:43] [34m[I][0m /Users/soar/Code/github/2015wuji01/sandbox/main.go:19
 啦啦啦
[2022-07-26 09:51:43] [34m[I][0m /Users/soar/Code/github/2015wuji01/sandbox/main.go:19
 啦啦啦
[2022-07-26 09:51:44] [34m[I][0m /Users/soar/Code/github/2015wuji01/sandbox/main.go:19
 啦啦啦
[2022-07-26 09:51:44] [34m[I][0m /Users/soar/Code/github/2015wuji01/sandbox/main.go:19
 啦啦啦
[2022-07-26 09:51:45] [34m[I][0m /Users/soar/Code/github/2015wuji01/sandbox/main.go:19
 啦啦啦
[2022-07-26 09:51:45] [34m[I][0m /Users/soar/Code/github/2015wuji01/sandbox/main.go:19
 啦啦啦
[2022-07-26 09:51:46] [34m[I][0m /Users/soar/Code/github/2015wuji01/sandbox/main.go:19
 啦啦啦
[2022-07-26 09:51:46] [34m[I][0m /Users/soar/Code/github/2015wuji01/sandbox/main.go:19
 啦啦啦
[2022-07-26 09:51:47] [34m[I][0m /Users/soar/Code/github/2015wuji01/sandbox/main.go:19
 啦啦啦
[2022-07-26 09:51:47] [34m[I][0m /Users/soar/Code/github/2015wuji01/sandbox/main.go:19
 啦啦啦
[2022-07-26 09:51:48] [34m[I][0m /Users/soar/Code/github/2015wuji01/sandbox/main.go:19
 啦啦啦
[2022-07-26 09:51:48] [34m[I][0m /Users/soar/Code/github/2015wuji01/sandbox/main.go:19
 啦啦啦
[2022-07-26 09:51:49] [34m[I][0m /Users/soar/Code/github/2015wuji01/sandbox/main.go:19
 啦啦啦
[2022-07-26 09:51:49] [34m[I][0m /Users/soar/Code/github/2015wuji01/sandbox/main.go:19
 啦啦啦
[2022-07-26 09:52:19]	[34m[I][0m	/Users/soar/Code/github/2015wuji01/sandbox/main.go:19
	啦啦啦
[2022-07-26 09:52:20]	[34m[I][0m	/Users/soar/Code/github/2015wuji01/sandbox/main.go:19
	啦啦啦
[2022-07-26 09:52:20]	[34m[I][0m	/Users/soar/Code/github/2015wuji01/sandbox/main.go:19
	啦啦啦
[2022-07-26 09:52:21]	[34m[I][0m	/Users/soar/Code/github/2015wuji01/sandbox/main.go:19
	啦啦啦
[2022-07-26 09:54:00] [34m[I][0m /Users/soar/Code/github/2015wuji01/sandbox/main.go:19 啦啦啦[2022-07-26 09:54:01] [34m[I][0m /Users/soar/Code/github/2015wuji01/sandbox/main.go:19 啦啦啦[2022-07-26 11:32:16] [34m[I][0m /Users/soar/Code/github/2015wuji01/sandbox/main.go:19 啦啦啦
[2022-07-26 11:32:16] [34m[I][0m /Users/soar/Code/github/2015wuji01/sandbox/main.go:19 啦啦啦
[2022-07-26 11:32:17] [34m[I][0m /Users/soar/Code/github/2015wuji01/sandbox/main.go:19 啦啦啦
[2022-07-26 11:32:17] [34m[I][0m /Users/soar/Code/github/2015wuji01/sandbox/main.go:19 啦啦啦
[2022-07-26 11:32:18] [34m[I][0m /Users/soar/Code/github/2015wuji01/sandbox/main.go:19 啦啦啦
